#
# There is insufficient memory for the Java Runtime Environment to continue.
# Native memory allocation (malloc) failed to allocate 1048576 bytes for AllocateHeap
# Possible reasons:
#   The system is out of physical RAM or swap space
#   In 32 bit mode, the process size limit was hit
# Possible solutions:
#   Reduce memory load on the system
#   Increase physical memory or swap space
#   Check if swap backing store is full
#   Use 64 bit Java on a 64 bit OS
#   Decrease Java heap size (-Xmx/-Xms)
#   Decrease number of Java threads
#   Decrease Java thread stack sizes (-Xss)
#   Set larger code cache with -XX:ReservedCodeCacheSize=
# This output file may be truncated or incomplete.
#
#  Out of Memory Error (memory/allocation.inline.hpp:61), pid=9344, tid=0x0000000000008224
#
# JRE version:  (8.0_111-b14) (build )
# Java VM: Java HotSpot(TM) 64-Bit Server VM (25.111-b14 mixed mode windows-amd64 compressed oops)
# Failed to write core dump. Minidumps are not enabled by default on client versions of Windows
#

---------------  T H R E A D  ---------------

Current thread (0x0000000003544000):  JavaThread "Unknown thread" [_thread_in_vm, id=33316, stack(0x0000000002ed0000,0x0000000002fd0000)]

Stack: [0x0000000002ed0000,0x0000000002fd0000]
[error occurred during error reporting (printing stack bounds), id 0xc0000005]

Native frames: (J=compiled Java code, j=interpreted, Vv=VM code, C=native code)


---------------  P R O C E S S  ---------------

Java Threads: ( => current thread )

Other Threads:

=>0x0000000003544000 (exited) JavaThread "Unknown thread" [_thread_in_vm, id=33316, stack(0x0000000002ed0000,0x0000000002fd0000)]

VM state:not at safepoint (normal execution)

VM Mutex/Monitor currently owned by a thread: None

Heap:
 PSYoungGen      total 38400K, used 665K [0x00000000d5c00000, 0x00000000d8680000, 0x0000000100000000)
  eden space 33280K, 2% used [0x00000000d5c00000,0x00000000d5ca6670,0x00000000d7c80000)
  from space 5120K, 0% used [0x00000000d8180000,0x00000000d8180000,0x00000000d8680000)
  to   space 5120K, 0% used [0x00000000d7c80000,0x00000000d7c80000,0x00000000d8180000)
 ParOldGen       total 87552K, used 0K [0x0000000081400000, 0x0000000086980000, 0x00000000d5c00000)
  object space 87552K, 0% used [0x0000000081400000,0x0000000081400000,0x0000000086980000)
 Metaspace       used 781K, capacity 4480K, committed 4480K, reserved 1056768K
  class space    used 75K, capacity 384K, committed 384K, reserved 1048576K

Card table byte_map: [0x0000000012a00000,0x0000000012e00000] byte_map_base: 0x00000000125f6000

Marking Bits: (ParMarkBitMap*) 0x000000006a0ba6c0
 Begin Bits: [0x00000000138b0000, 0x0000000015860000)
 End Bits:   [0x0000000015860000, 0x0000000017810000)

Polling page: 0x0000000002fd0000

CodeCache: size=245760Kb used=328Kb max_used=328Kb free=245431Kb
 bounds [0x0000000003640000, 0x00000000038b0000, 0x0000000012640000]
 total_blobs=58 nmethods=0 adapters=38
 compilation: enabled

Compilation events (0 events):
No events

GC Heap History (0 events):
No events

Deoptimization events (0 events):
No events

Internal exceptions (0 events):
No events

Events (10 events):
Event: 0.040 loading class java/lang/Short
Event: 0.040 loading class java/lang/Short done
Event: 0.040 loading class java/lang/Integer
Event: 0.040 loading class java/lang/Integer done
Event: 0.040 loading class java/lang/Long
Event: 0.040 loading class java/lang/Long done
Event: 0.041 loading class java/lang/NullPointerException
Event: 0.041 loading class java/lang/NullPointerException done
Event: 0.041 loading class java/lang/ArithmeticException
Event: 0.041 loading class java/lang/ArithmeticException done


Dynamic libraries:
0x00007ff74cfb0000 - 0x00007ff74cfe7000 	C:\Program Files\Java\jdk1.8.0_111\bin\java.exe
0x00007ff82d3e0000 - 0x00007ff82d5d0000 	C:\WINDOWS\SYSTEM32\ntdll.dll
0x00007ff82b540000 - 0x00007ff82b5f2000 	C:\WINDOWS\System32\KERNEL32.DLL
0x00007ff82b010000 - 0x00007ff82b2b5000 	C:\WINDOWS\System32\KERNELBASE.dll
0x00007ff82bd70000 - 0x00007ff82be13000 	C:\WINDOWS\System32\ADVAPI32.dll
0x00007ff82bab0000 - 0x00007ff82bb4e000 	C:\WINDOWS\System32\msvcrt.dll
0x00007ff82b7c0000 - 0x00007ff82b857000 	C:\WINDOWS\System32\sechost.dll
0x00007ff82cb90000 - 0x00007ff82ccaf000 	C:\WINDOWS\System32\RPCRT4.dll
0x00007ff82c9f0000 - 0x00007ff82cb84000 	C:\WINDOWS\System32\USER32.dll
0x00007ff82b460000 - 0x00007ff82b481000 	C:\WINDOWS\System32\win32u.dll
0x00007ff82b860000 - 0x00007ff82b886000 	C:\WINDOWS\System32\GDI32.dll
0x00007ff82b2c0000 - 0x00007ff82b458000 	C:\WINDOWS\System32\gdi32full.dll
0x00007ff82af20000 - 0x00007ff82afbe000 	C:\WINDOWS\System32\msvcp_win.dll
0x00007ff82a350000 - 0x00007ff82a44a000 	C:\WINDOWS\System32\ucrtbase.dll
0x00007ff81acb0000 - 0x00007ff81af34000 	C:\WINDOWS\WinSxS\amd64_microsoft.windows.common-controls_6595b64144ccf1df_6.0.18362.1440_none_9e7dbfb9e45e8e67\COMCTL32.dll
0x00007ff82bef0000 - 0x00007ff82c226000 	C:\WINDOWS\System32\combase.dll
0x00007ff82ae90000 - 0x00007ff82af11000 	C:\WINDOWS\System32\bcryptPrimitives.dll
0x00007ff82c950000 - 0x00007ff82c97e000 	C:\WINDOWS\System32\IMM32.DLL
0x000000006acc0000 - 0x000000006ad92000 	C:\Program Files\Java\jdk1.8.0_111\jre\bin\msvcr100.dll
0x00000000698a0000 - 0x000000006a13a000 	C:\Program Files\Java\jdk1.8.0_111\jre\bin\server\jvm.dll
0x00007ff82c730000 - 0x00007ff82c738000 	C:\WINDOWS\System32\PSAPI.DLL
0x00007ff826250000 - 0x00007ff826274000 	C:\WINDOWS\SYSTEM32\WINMM.dll
0x00007ff829e60000 - 0x00007ff829e6a000 	C:\WINDOWS\SYSTEM32\VERSION.dll
0x00007ff813380000 - 0x00007ff813389000 	C:\WINDOWS\SYSTEM32\WSOCK32.dll
0x00007ff82be80000 - 0x00007ff82beef000 	C:\WINDOWS\System32\WS2_32.dll
0x00007ff826160000 - 0x00007ff82618d000 	C:\WINDOWS\SYSTEM32\winmmbase.dll
0x00007ff82afc0000 - 0x00007ff82b00a000 	C:\WINDOWS\System32\cfgmgr32.dll
0x000000006acb0000 - 0x000000006acbf000 	C:\Program Files\Java\jdk1.8.0_111\jre\bin\verify.dll
0x000000006ac80000 - 0x000000006aca9000 	C:\Program Files\Java\jdk1.8.0_111\jre\bin\java.dll
0x000000006ac20000 - 0x000000006ac55000 	C:\Program Files\Java\jdk1.8.0_111\jre\bin\jdwp.dll
0x000000006ac10000 - 0x000000006ac18000 	C:\Program Files\Java\jdk1.8.0_111\jre\bin\npt.dll
0x000000006abe0000 - 0x000000006ac03000 	C:\Program Files\Java\jdk1.8.0_111\jre\bin\instrument.dll
0x000000006ac60000 - 0x000000006ac76000 	C:\Program Files\Java\jdk1.8.0_111\jre\bin\zip.dll

VM Arguments:
jvm_args: -agentlib:jdwp=transport=dt_socket,address=127.0.0.1:49866,suspend=y,server=n -javaagent:C:\Users\zyc\.IntelliJIdea2018.1\system\captureAgent\debugger-agent.jar=file:/C:/Users/zyc/AppData/Local/Temp/capture1.props -Dfile.encoding=UTF-8 
java_command: wk.algorithm.ListInversion
java_class_path (initial): C:\Program Files\Java\jdk1.8.0_111\jre\lib\charsets.jar;C:\Program Files\Java\jdk1.8.0_111\jre\lib\deploy.jar;C:\Program Files\Java\jdk1.8.0_111\jre\lib\ext\access-bridge-64.jar;C:\Program Files\Java\jdk1.8.0_111\jre\lib\ext\cldrdata.jar;C:\Program Files\Java\jdk1.8.0_111\jre\lib\ext\dnsns.jar;C:\Program Files\Java\jdk1.8.0_111\jre\lib\ext\jaccess.jar;C:\Program Files\Java\jdk1.8.0_111\jre\lib\ext\jfxrt.jar;C:\Program Files\Java\jdk1.8.0_111\jre\lib\ext\localedata.jar;C:\Program Files\Java\jdk1.8.0_111\jre\lib\ext\nashorn.jar;C:\Program Files\Java\jdk1.8.0_111\jre\lib\ext\sunec.jar;C:\Program Files\Java\jdk1.8.0_111\jre\lib\ext\sunjce_provider.jar;C:\Program Files\Java\jdk1.8.0_111\jre\lib\ext\sunmscapi.jar;C:\Program Files\Java\jdk1.8.0_111\jre\lib\ext\sunpkcs11.jar;C:\Program Files\Java\jdk1.8.0_111\jre\lib\ext\zipfs.jar;C:\Program Files\Java\jdk1.8.0_111\jre\lib\javaws.jar;C:\Program Files\Java\jdk1.8.0_111\jre\lib\jce.jar;C:\Program Files\Java\jdk1.8.0_111\jre\lib\jfr.jar;C:\Program Files\Java\jdk1.8.0_111\jre\lib\jfxswt.jar;C:\Program Files\Java\jdk1.8.0_111\jre\lib\jsse.jar;C:\Program Files\Java\jdk1.8.0_111\jre\lib\management-agent.jar;C:\Program Files\Java\jdk1.8.0_111\jre\lib\plugin.jar;C:\Program Files\Java\jdk1.8.0_111\jre\lib\resources.jar;C:\Program Files\Java\jdk1.8.0_111\jre\lib\rt.jar;D:\workspace\movenUnit\target\classes;E:\maven_new_repository\junit\junit\4.12\junit-4.12.jar;E:\maven_new_repository\org\hamcrest\hamcrest-core\1.3\hamcrest-core-1.3.jar;E:\maven_new_repository\org\apache\poi\poi\3.14\poi-3.14.jar;E:\maven_new_repository\commons-codec\commons-codec\1.10\commons-codec-1.10.jar;E:\maven_new_repository\org\apache\poi\poi-ooxml\3.14\poi-ooxml-3.14.jar;E:\maven_new_repository\com\github\virtuald\curvesapi\1.03\curvesapi-1.03.jar;E:\maven_new_repository\org\apache\poi\poi-ooxml-schemas\3.14\poi-ooxml-schemas-3.14.jar;E:\maven_new_repository\org\apache\xmlbeans\xmlbeans\2.6.0\xmlbeans-2.6.0.jar;E:\maven_new_reposi
Launcher Type: SUN_STANDARD

Environment Variables:
JAVA_HOME=C:\Program Files\Java\jdk1.8.0_111
CLASSPATH=.;C:\Program Files\Java\jdk1.8.0_111\lib;C:\Program Files\Java\jdk1.8.0_111\lib\tools.jar
PATH=C:\Program Files (x86)\NetSarang\Xshell 6\;C:\ProgramData\Oracle\Java\javapath;C:\Program Files (x86)\Intel\iCLS Client\;C:\Program Files\Intel\iCLS Client\;C:\Windows\system32;C:\Windows;C:\Windows\System32\Wbem;C:\Windows\System32\WindowsPowerShell\v1.0\;C:\Program Files (x86)\NVIDIA Corporation\PhysX\Common;C:\Program Files (x86)\Intel\Intel(R) Management Engine Components\DAL;C:\Program Files\Intel\Intel(R) Management Engine Components\DAL;C:\Program Files (x86)\Intel\Intel(R) Management Engine Components\IPT;C:\Program Files\Intel\Intel(R) Management Engine Components\IPT;C:\Program Files\Java\jdk1.8.0_111\bin;C:\Program Files\Java\jdk1.8.0_111\jre\bin;C:\Program Files\Intel\WiFi\bin\;C:\Program Files\Common Files\Intel\WirelessCommon\;E:\maven\apache-maven-3.3.9\bin;C:\WINDOWS\system32;C:\WINDOWS;C:\WINDOWS\System32\Wbem;C:\WINDOWS\System32\WindowsPowerShell\v1.0\;C:\WINDOWS\System32\OpenSSH\;D:\mysoft\gradle-4.9\bin;d:\Program Files\Git\cmd;C:\Program Files (x86)\ICBCEbankTools\Gemplus\GemSafe Libraries\BIN\;C:\Users\zyc\AppData\Local\Microsoft\WindowsApps;;C:\Users\zyc\AppData\Local\Programs\Fiddler;%USERPROFILE%\AppData\Local\Microsoft\WindowsApps
USERNAME=zyc
OS=Windows_NT
PROCESSOR_IDENTIFIER=Intel64 Family 6 Model 94 Stepping 3, GenuineIntel



---------------  S Y S T E M  ---------------

OS: Windows 10.0 , 64 bit Build 18362 (10.0.18362.1350)

CPU:total 8 (4 cores per cpu, 2 threads per core) family 6 model 94 stepping 3, cmov, cx8, fxsr, mmx, sse, sse2, sse3, ssse3, sse4.1, sse4.2, popcnt, avx, avx2, aes, clmul, erms, rtm, 3dnowpref, lzcnt, ht, tsc, tscinvbit, bmi1, bmi2, adx

Memory: 4k page, physical 8299300k(995772k free), swap 13316640k(5652k free)

vm_info: Java HotSpot(TM) 64-Bit Server VM (25.111-b14) for windows-amd64 JRE (1.8.0_111-b14), built on Sep 22 2016 19:24:05 by "java_re" with MS VC++ 10.0 (VS2010)

time: Sun Mar 14 21:58:41 2021
elapsed time: 0 seconds (0d 0h 0m 0s)

