#
# There is insufficient memory for the Java Runtime Environment to continue.
# Native memory allocation (malloc) failed to allocate 1048576 bytes for AllocateHeap
# Possible reasons:
#   The system is out of physical RAM or swap space
#   In 32 bit mode, the process size limit was hit
# Possible solutions:
#   Reduce memory load on the system
#   Increase physical memory or swap space
#   Check if swap backing store is full
#   Use 64 bit Java on a 64 bit OS
#   Decrease Java heap size (-Xmx/-Xms)
#   Decrease number of Java threads
#   Decrease Java thread stack sizes (-Xss)
#   Set larger code cache with -XX:ReservedCodeCacheSize=
# This output file may be truncated or incomplete.
#
#  Out of Memory Error (memory/allocation.inline.hpp:61), pid=8680, tid=0x00000000000047dc
#
# JRE version:  (8.0_111-b14) (build )
# Java VM: Java HotSpot(TM) 64-Bit Server VM (25.111-b14 mixed mode windows-amd64 compressed oops)
# Failed to write core dump. Minidumps are not enabled by default on client versions of Windows
#

---------------  T H R E A D  ---------------

Current thread (0x0000000002fc3800):  JavaThread "Unknown thread" [_thread_in_vm, id=18396, stack(0x0000000002d20000,0x0000000002e20000)]

Stack: [0x0000000002d20000,0x0000000002e20000]
[error occurred during error reporting (printing stack bounds), id 0xc0000005]

Native frames: (J=compiled Java code, j=interpreted, Vv=VM code, C=native code)


---------------  P R O C E S S  ---------------

Java Threads: ( => current thread )

Other Threads:

=>0x0000000002fc3800 (exited) JavaThread "Unknown thread" [_thread_in_vm, id=18396, stack(0x0000000002d20000,0x0000000002e20000)]

VM state:not at safepoint (normal execution)

VM Mutex/Monitor currently owned by a thread: None

Heap:
 PSYoungGen      total 38400K, used 665K [0x00000000d5c00000, 0x00000000d8680000, 0x0000000100000000)
  eden space 33280K, 2% used [0x00000000d5c00000,0x00000000d5ca6670,0x00000000d7c80000)
  from space 5120K, 0% used [0x00000000d8180000,0x00000000d8180000,0x00000000d8680000)
  to   space 5120K, 0% used [0x00000000d7c80000,0x00000000d7c80000,0x00000000d8180000)
 ParOldGen       total 87552K, used 0K [0x0000000081400000, 0x0000000086980000, 0x00000000d5c00000)
  object space 87552K, 0% used [0x0000000081400000,0x0000000081400000,0x0000000086980000)
 Metaspace       used 783K, capacity 1092K, committed 1152K, reserved 1060864K
  class space    used 75K, capacity 384K, committed 384K, reserved 1048576K

Card table byte_map: [0x0000000012480000,0x0000000012880000] byte_map_base: 0x0000000012076000

Marking Bits: (ParMarkBitMap*) 0x0000000059b6a6c0
 Begin Bits: [0x0000000013330000, 0x00000000152e0000)
 End Bits:   [0x00000000152e0000, 0x0000000017290000)

Polling page: 0x00000000028c0000

CodeCache: size=245760Kb used=328Kb max_used=328Kb free=245431Kb
 bounds [0x00000000030c0000, 0x0000000003330000, 0x00000000120c0000]
 total_blobs=58 nmethods=0 adapters=38
 compilation: enabled

Compilation events (0 events):
No events

GC Heap History (0 events):
No events

Deoptimization events (0 events):
No events

Internal exceptions (0 events):
No events

Events (10 events):
Event: 0.049 loading class java/lang/Short
Event: 0.049 loading class java/lang/Short done
Event: 0.049 loading class java/lang/Integer
Event: 0.049 loading class java/lang/Integer done
Event: 0.049 loading class java/lang/Long
Event: 0.050 loading class java/lang/Long done
Event: 0.051 loading class java/lang/NullPointerException
Event: 0.051 loading class java/lang/NullPointerException done
Event: 0.051 loading class java/lang/ArithmeticException
Event: 0.051 loading class java/lang/ArithmeticException done


Dynamic libraries:
0x00007ff7e51e0000 - 0x00007ff7e5217000 	C:\Program Files\Java\jdk1.8.0_111\bin\java.exe
0x00007ffb50420000 - 0x00007ffb50610000 	C:\WINDOWS\SYSTEM32\ntdll.dll
0x00007ffb4f6d0000 - 0x00007ffb4f782000 	C:\WINDOWS\System32\KERNEL32.DLL
0x00007ffb4d5a0000 - 0x00007ffb4d844000 	C:\WINDOWS\System32\KERNELBASE.dll
0x00007ffb4efa0000 - 0x00007ffb4f043000 	C:\WINDOWS\System32\ADVAPI32.dll
0x00007ffb4e4d0000 - 0x00007ffb4e56e000 	C:\WINDOWS\System32\msvcrt.dll
0x00007ffb4ef00000 - 0x00007ffb4ef97000 	C:\WINDOWS\System32\sechost.dll
0x00007ffb50210000 - 0x00007ffb50330000 	C:\WINDOWS\System32\RPCRT4.dll
0x00007ffb4eb90000 - 0x00007ffb4ed24000 	C:\WINDOWS\System32\USER32.dll
0x00007ffb4d4f0000 - 0x00007ffb4d511000 	C:\WINDOWS\System32\win32u.dll
0x00007ffb4f130000 - 0x00007ffb4f156000 	C:\WINDOWS\System32\GDI32.dll
0x00007ffb4e180000 - 0x00007ffb4e316000 	C:\WINDOWS\System32\gdi32full.dll
0x00007ffb4d870000 - 0x00007ffb4d90e000 	C:\WINDOWS\System32\msvcp_win.dll
0x00007ffb4d3f0000 - 0x00007ffb4d4ea000 	C:\WINDOWS\System32\ucrtbase.dll
0x00007ffb3ca00000 - 0x00007ffb3cc84000 	C:\WINDOWS\WinSxS\amd64_microsoft.windows.common-controls_6595b64144ccf1df_6.0.18362.959_none_e6c7bbbf130c62bb\COMCTL32.dll
0x00007ffb4e790000 - 0x00007ffb4eac5000 	C:\WINDOWS\System32\combase.dll
0x00007ffb4d520000 - 0x00007ffb4d5a0000 	C:\WINDOWS\System32\bcryptPrimitives.dll
0x00007ffb4f230000 - 0x00007ffb4f25e000 	C:\WINDOWS\System32\IMM32.DLL
0x0000000059bf0000 - 0x0000000059cc2000 	C:\Program Files\Java\jdk1.8.0_111\jre\bin\msvcr100.dll
0x0000000059350000 - 0x0000000059bea000 	C:\Program Files\Java\jdk1.8.0_111\jre\bin\server\jvm.dll
0x00007ffb4f120000 - 0x00007ffb4f128000 	C:\WINDOWS\System32\PSAPI.DLL
0x00007ffb37980000 - 0x00007ffb37989000 	C:\WINDOWS\SYSTEM32\WSOCK32.dll
0x00007ffb4f050000 - 0x00007ffb4f0bf000 	C:\WINDOWS\System32\WS2_32.dll
0x00007ffb4ce70000 - 0x00007ffb4ce7a000 	C:\WINDOWS\SYSTEM32\VERSION.dll
0x00007ffb4afc0000 - 0x00007ffb4afe4000 	C:\WINDOWS\SYSTEM32\WINMM.dll
0x00007ffb4af90000 - 0x00007ffb4afbd000 	C:\WINDOWS\SYSTEM32\winmmbase.dll
0x00007ffb4d3a0000 - 0x00007ffb4d3ea000 	C:\WINDOWS\System32\cfgmgr32.dll
0x0000000059340000 - 0x000000005934f000 	C:\Program Files\Java\jdk1.8.0_111\jre\bin\verify.dll
0x0000000059310000 - 0x0000000059339000 	C:\Program Files\Java\jdk1.8.0_111\jre\bin\java.dll
0x0000000059220000 - 0x0000000059243000 	C:\Program Files\Java\jdk1.8.0_111\jre\bin\instrument.dll
0x00000000592f0000 - 0x0000000059306000 	C:\Program Files\Java\jdk1.8.0_111\jre\bin\zip.dll

VM Arguments:
jvm_args: -javaagent:C:\Program Files\JetBrains\IntelliJ IDEA 2018.1.5\lib\idea_rt.jar=56298:C:\Program Files\JetBrains\IntelliJ IDEA 2018.1.5\bin -Dfile.encoding=UTF-8 
java_command: wkfour.mq.rocketmq.RmqSendClient
java_class_path (initial): C:\Program Files\Java\jdk1.8.0_111\jre\lib\charsets.jar;C:\Program Files\Java\jdk1.8.0_111\jre\lib\deploy.jar;C:\Program Files\Java\jdk1.8.0_111\jre\lib\ext\access-bridge-64.jar;C:\Program Files\Java\jdk1.8.0_111\jre\lib\ext\cldrdata.jar;C:\Program Files\Java\jdk1.8.0_111\jre\lib\ext\dnsns.jar;C:\Program Files\Java\jdk1.8.0_111\jre\lib\ext\jaccess.jar;C:\Program Files\Java\jdk1.8.0_111\jre\lib\ext\jfxrt.jar;C:\Program Files\Java\jdk1.8.0_111\jre\lib\ext\localedata.jar;C:\Program Files\Java\jdk1.8.0_111\jre\lib\ext\nashorn.jar;C:\Program Files\Java\jdk1.8.0_111\jre\lib\ext\sunec.jar;C:\Program Files\Java\jdk1.8.0_111\jre\lib\ext\sunjce_provider.jar;C:\Program Files\Java\jdk1.8.0_111\jre\lib\ext\sunmscapi.jar;C:\Program Files\Java\jdk1.8.0_111\jre\lib\ext\sunpkcs11.jar;C:\Program Files\Java\jdk1.8.0_111\jre\lib\ext\zipfs.jar;C:\Program Files\Java\jdk1.8.0_111\jre\lib\javaws.jar;C:\Program Files\Java\jdk1.8.0_111\jre\lib\jce.jar;C:\Program Files\Java\jdk1.8.0_111\jre\lib\jfr.jar;C:\Program Files\Java\jdk1.8.0_111\jre\lib\jfxswt.jar;C:\Program Files\Java\jdk1.8.0_111\jre\lib\jsse.jar;C:\Program Files\Java\jdk1.8.0_111\jre\lib\management-agent.jar;C:\Program Files\Java\jdk1.8.0_111\jre\lib\plugin.jar;C:\Program Files\Java\jdk1.8.0_111\jre\lib\resources.jar;C:\Program Files\Java\jdk1.8.0_111\jre\lib\rt.jar;D:\workspace\movenUnit\target\classes;E:\maven_new_repository\junit\junit\4.12\junit-4.12.jar;E:\maven_new_repository\org\hamcrest\hamcrest-core\1.3\hamcrest-core-1.3.jar;E:\maven_new_repository\org\apache\poi\poi\3.14\poi-3.14.jar;E:\maven_new_repository\commons-codec\commons-codec\1.10\commons-codec-1.10.jar;E:\maven_new_repository\org\apache\poi\poi-ooxml\3.14\poi-ooxml-3.14.jar;E:\maven_new_repository\com\github\virtuald\curvesapi\1.03\curvesapi-1.03.jar;E:\maven_new_repository\org\apache\poi\poi-ooxml-schemas\3.14\poi-ooxml-schemas-3.14.jar;E:\maven_new_repository\org\apache\xmlbeans\xmlbeans\2.6.0\xmlbeans-2.6.0.jar;E:\maven_new_reposi
Launcher Type: SUN_STANDARD

Environment Variables:
JAVA_HOME=C:\Program Files\Java\jdk1.8.0_111
CLASSPATH=.;C:\Program Files\Java\jdk1.8.0_111\lib;C:\Program Files\Java\jdk1.8.0_111\lib\tools.jar
PATH=C:\Program Files (x86)\NetSarang\Xshell 6\;C:\ProgramData\Oracle\Java\javapath;C:\Program Files (x86)\Intel\iCLS Client\;C:\Program Files\Intel\iCLS Client\;C:\Windows\system32;C:\Windows;C:\Windows\System32\Wbem;C:\Windows\System32\WindowsPowerShell\v1.0\;C:\Program Files (x86)\NVIDIA Corporation\PhysX\Common;C:\Program Files (x86)\Intel\Intel(R) Management Engine Components\DAL;C:\Program Files\Intel\Intel(R) Management Engine Components\DAL;C:\Program Files (x86)\Intel\Intel(R) Management Engine Components\IPT;C:\Program Files\Intel\Intel(R) Management Engine Components\IPT;C:\Program Files\Java\jdk1.8.0_111\bin;C:\Program Files\Java\jdk1.8.0_111\jre\bin;C:\Program Files\Intel\WiFi\bin\;C:\Program Files\Common Files\Intel\WirelessCommon\;E:\maven\apache-maven-3.3.9\bin;C:\WINDOWS\system32;C:\WINDOWS;C:\WINDOWS\System32\Wbem;C:\WINDOWS\System32\WindowsPowerShell\v1.0\;C:\WINDOWS\System32\OpenSSH\;D:\mysoft\gradle-4.9\bin;d:\Program Files\Git\cmd;C:\Users\zyc\AppData\Local\Microsoft\WindowsApps;;C:\Users\zyc\AppData\Local\Programs\Fiddler;%USERPROFILE%\AppData\Local\Microsoft\WindowsApps
USERNAME=zyc
OS=Windows_NT
PROCESSOR_IDENTIFIER=Intel64 Family 6 Model 94 Stepping 3, GenuineIntel



---------------  S Y S T E M  ---------------

OS: Windows 10.0 , 64 bit Build 18362 (10.0.18362.959)

CPU:total 8 (4 cores per cpu, 2 threads per core) family 6 model 94 stepping 3, cmov, cx8, fxsr, mmx, sse, sse2, sse3, ssse3, sse4.1, sse4.2, popcnt, avx, avx2, aes, clmul, erms, rtm, 3dnowpref, lzcnt, ht, tsc, tscinvbit, bmi1, bmi2, adx

Memory: 4k page, physical 8299300k(1618304k free), swap 16163744k(5236k free)

vm_info: Java HotSpot(TM) 64-Bit Server VM (25.111-b14) for windows-amd64 JRE (1.8.0_111-b14), built on Sep 22 2016 19:24:05 by "java_re" with MS VC++ 10.0 (VS2010)

time: Mon Aug 03 22:39:20 2020
elapsed time: 0 seconds (0d 0h 0m 0s)

